{"contracts/MinimalDex.sol":{"l":{"26":16,"27":15,"32":12,"33":11,"36":11,"37":11,"39":11,"48":7,"49":6,"51":5,"54":5,"61":4,"64":4,"65":4,"68":4,"69":3,"71":3},"path":"/Users/wzhang/Desktop/minimal-dex/contracts/MinimalDex.sol","s":{"1":16,"2":15,"3":12,"4":11,"5":11,"6":7,"7":6,"8":5,"9":5,"10":4,"11":4,"12":3,"13":3},"b":{"1":[15,1],"2":[12,3],"3":[11,1],"4":[11,0],"5":[6,1],"6":[5,1],"7":[4,1],"8":[3,1],"9":[3,0]},"f":{"1":16,"2":7},"fnMap":{"1":{"name":"addLiquidity","line":20,"loc":{"start":{"line":20,"column":4},"end":{"line":40,"column":4}}},"2":{"name":"swap","line":43,"loc":{"start":{"line":43,"column":4},"end":{"line":72,"column":4}}}},"statementMap":{"1":{"start":{"line":26,"column":8},"end":{"line":26,"column":60}},"2":{"start":{"line":27,"column":8},"end":{"line":27,"column":79}},"3":{"start":{"line":32,"column":8},"end":{"line":32,"column":109}},"4":{"start":{"line":33,"column":8},"end":{"line":33,"column":109}},"5":{"start":{"line":39,"column":8},"end":{"line":39,"column":61}},"6":{"start":{"line":48,"column":8},"end":{"line":48,"column":64}},"7":{"start":{"line":49,"column":8},"end":{"line":49,"column":69}},"8":{"start":{"line":51,"column":8},"end":{"line":51,"column":71}},"9":{"start":{"line":54,"column":8},"end":{"line":54,"column":84}},"10":{"start":{"line":61,"column":8},"end":{"line":61,"column":83}},"11":{"start":{"line":68,"column":8},"end":{"line":68,"column":117}},"12":{"start":{"line":69,"column":8},"end":{"line":69,"column":98}},"13":{"start":{"line":71,"column":8},"end":{"line":71,"column":61}}},"branchMap":{"1":{"line":26,"type":"if","locations":[{"start":{"line":26,"column":8},"end":{"line":26,"column":8}},{"start":{"line":26,"column":8},"end":{"line":26,"column":8}}]},"2":{"line":27,"type":"if","locations":[{"start":{"line":27,"column":8},"end":{"line":27,"column":8}},{"start":{"line":27,"column":8},"end":{"line":27,"column":8}}]},"3":{"line":32,"type":"if","locations":[{"start":{"line":32,"column":8},"end":{"line":32,"column":8}},{"start":{"line":32,"column":8},"end":{"line":32,"column":8}}]},"4":{"line":33,"type":"if","locations":[{"start":{"line":33,"column":8},"end":{"line":33,"column":8}},{"start":{"line":33,"column":8},"end":{"line":33,"column":8}}]},"5":{"line":48,"type":"if","locations":[{"start":{"line":48,"column":8},"end":{"line":48,"column":8}},{"start":{"line":48,"column":8},"end":{"line":48,"column":8}}]},"6":{"line":49,"type":"if","locations":[{"start":{"line":49,"column":8},"end":{"line":49,"column":8}},{"start":{"line":49,"column":8},"end":{"line":49,"column":8}}]},"7":{"line":54,"type":"if","locations":[{"start":{"line":54,"column":8},"end":{"line":54,"column":8}},{"start":{"line":54,"column":8},"end":{"line":54,"column":8}}]},"8":{"line":68,"type":"if","locations":[{"start":{"line":68,"column":8},"end":{"line":68,"column":8}},{"start":{"line":68,"column":8},"end":{"line":68,"column":8}}]},"9":{"line":69,"type":"if","locations":[{"start":{"line":69,"column":8},"end":{"line":69,"column":8}},{"start":{"line":69,"column":8},"end":{"line":69,"column":8}}]}}},"contracts/MockERC20.sol":{"l":{"11":33,"16":2,"21":27,"22":2,"24":25},"path":"/Users/wzhang/Desktop/minimal-dex/contracts/MockERC20.sol","s":{"1":33,"2":27,"3":2,"4":25},"b":{"1":[2,25]},"f":{"1":33,"2":2,"3":27},"fnMap":{"1":{"name":"constructor","line":10,"loc":{"start":{"line":10,"column":4},"end":{"line":12,"column":4}}},"2":{"name":"setFailTransfers","line":15,"loc":{"start":{"line":15,"column":4},"end":{"line":17,"column":4}}},"3":{"name":"transferFrom","line":19,"loc":{"start":{"line":19,"column":4},"end":{"line":25,"column":4}}}},"statementMap":{"1":{"start":{"line":11,"column":8},"end":{"line":11,"column":52}},"2":{"start":{"line":21,"column":8},"end":{"line":21,"column":582}},"3":{"start":{"line":22,"column":12},"end":{"line":22,"column":24}},"4":{"start":{"line":24,"column":8},"end":{"line":24,"column":51}}},"branchMap":{"1":{"line":21,"type":"if","locations":[{"start":{"line":21,"column":8},"end":{"line":21,"column":8}},{"start":{"line":21,"column":8},"end":{"line":21,"column":8}}]}}}}